[debug] [2023-05-31T05:43:08.840Z] ----------------------------------------------------------------------
[debug] [2023-05-31T05:43:08.842Z] Command:       C:\My Programs\Node\node.exe C:\Users\USER\AppData\Roaming\npm\node_modules\firebase-tools\lib\bin\firebase.js deploy --only hosting
[debug] [2023-05-31T05:43:08.842Z] CLI Version:   12.2.1
[debug] [2023-05-31T05:43:08.843Z] Platform:      win32
[debug] [2023-05-31T05:43:08.843Z] Node Version:  v18.15.0
[debug] [2023-05-31T05:43:08.843Z] Time:          Wed May 31 2023 10:43:08 GMT+0500 (Pakistan Standard Time)
[debug] [2023-05-31T05:43:08.843Z] ----------------------------------------------------------------------
[debug] 
[debug] [2023-05-31T05:43:08.903Z] > command requires scopes: ["email","openid","https://www.googleapis.com/auth/cloudplatformprojects.readonly","https://www.googleapis.com/auth/firebase","https://www.googleapis.com/auth/cloud-platform"]
[debug] [2023-05-31T05:43:08.904Z] > authorizing via signed-in user (khansyed231am@gmail.com)
[debug] [2023-05-31T05:43:08.904Z] [iam] checking project fyp-app-c1c5a for permissions ["firebase.projects.get","firebasehosting.sites.update"]
[debug] [2023-05-31T05:43:08.905Z] >>> [apiv2][query] POST https://cloudresourcemanager.googleapis.com/v1/projects/fyp-app-c1c5a:testIamPermissions [none]
[debug] [2023-05-31T05:43:08.906Z] >>> [apiv2][(partial)header] POST https://cloudresourcemanager.googleapis.com/v1/projects/fyp-app-c1c5a:testIamPermissions x-goog-quota-user=projects/fyp-app-c1c5a
[debug] [2023-05-31T05:43:08.906Z] >>> [apiv2][body] POST https://cloudresourcemanager.googleapis.com/v1/projects/fyp-app-c1c5a:testIamPermissions {"permissions":["firebase.projects.get","firebasehosting.sites.update"]}
[debug] [2023-05-31T05:43:11.563Z] <<< [apiv2][status] POST https://cloudresourcemanager.googleapis.com/v1/projects/fyp-app-c1c5a:testIamPermissions 200
[debug] [2023-05-31T05:43:11.564Z] <<< [apiv2][body] POST https://cloudresourcemanager.googleapis.com/v1/projects/fyp-app-c1c5a:testIamPermissions {"permissions":["firebase.projects.get","firebasehosting.sites.update"]}
[debug] [2023-05-31T05:43:11.565Z] >>> [apiv2][query] GET https://firebase.googleapis.com/v1beta1/projects/fyp-app-c1c5a [none]
[debug] [2023-05-31T05:43:12.930Z] <<< [apiv2][status] GET https://firebase.googleapis.com/v1beta1/projects/fyp-app-c1c5a 200
[debug] [2023-05-31T05:43:12.930Z] <<< [apiv2][body] GET https://firebase.googleapis.com/v1beta1/projects/fyp-app-c1c5a {"projectId":"fyp-app-c1c5a","projectNumber":"1088405462159","displayName":"fyp-app","name":"projects/fyp-app-c1c5a","resources":{"hostingSite":"fyp-app-c1c5a"},"state":"ACTIVE","etag":"1_690dbb29-489b-45da-9c21-c99d7df963e7"}
[info] 
[info] === Deploying to 'fyp-app-c1c5a'...
[info] 
[info] i  deploying hosting 
[debug] [2023-05-31T05:43:12.939Z] >>> [apiv2][query] POST https://firebasehosting.googleapis.com/v1beta1/projects/-/sites/fyp-app-c1c5a/versions [none]
[debug] [2023-05-31T05:43:12.939Z] >>> [apiv2][body] POST https://firebasehosting.googleapis.com/v1beta1/projects/-/sites/fyp-app-c1c5a/versions {"status":"CREATED","labels":{"deployment-tool":"cli-firebase"}}
[debug] [2023-05-31T05:43:15.324Z] <<< [apiv2][status] POST https://firebasehosting.googleapis.com/v1beta1/projects/-/sites/fyp-app-c1c5a/versions 200
[debug] [2023-05-31T05:43:15.325Z] <<< [apiv2][body] POST https://firebasehosting.googleapis.com/v1beta1/projects/-/sites/fyp-app-c1c5a/versions {"name":"projects/1088405462159/sites/fyp-app-c1c5a/versions/fdc6e4b8aa82ebef","status":"CREATED","config":{},"labels":{"deployment-tool":"cli-firebase"}}
[info] i  hosting[fyp-app-c1c5a]: beginning deploy... 
[info] i  hosting[fyp-app-c1c5a]: found 19 files in build 
[debug] [2023-05-31T05:43:15.341Z] [hosting] uploading with 200 concurrency
[debug] [2023-05-31T05:43:16.049Z] [hosting] hash cache [YnVpbGQ] stored for 19 files
[debug] [2023-05-31T05:43:16.049Z] [hosting][hash queue][FINAL] {"max":605,"min":4,"avg":98.57894736842105,"active":0,"complete":19,"success":19,"errored":0,"retried":0,"total":19,"elapsed":611}
[debug] [2023-05-31T05:43:16.050Z] >>> [apiv2][query] POST https://firebasehosting.googleapis.com/v1beta1/projects/1088405462159/sites/fyp-app-c1c5a/versions/fdc6e4b8aa82ebef:populateFiles [none]
[debug] [2023-05-31T05:43:16.050Z] >>> [apiv2][body] POST https://firebasehosting.googleapis.com/v1beta1/projects/1088405462159/sites/fyp-app-c1c5a/versions/fdc6e4b8aa82ebef:populateFiles {"files":{"/favicon.ico":"eae62e993eb980ec8a25058c39d5a51feab118bd2100c4deebb2a9c158ec11f9","/logo192.png":"3ee59515172ee198f3be375979df15ac5345183e656720a381b8872b2a39dc8b","/logo512.png":"ee7e2f3fdb8209c4b6fd7bef6ba50d1b9dba30a25bb5c3126df057e1cb6f5331","/manifest.json":"aff3449bdc238776f5d6d967f19ec491b36aed5fb7f23ccff6500736fd58494a","/robots.txt":"bfe106a3fb878dc83461c86818bf74fc1bdc7f28538ba613cd3e775516ce8b49","/service-worker.js":"4fa926604793023a06903173451804748339791f199cea4c246531fabd1a39c9","/asset-manifest.json":"756854a405f483a841812a008e2a098699e3f191dfc84260281b56c590dadf6e","/index.html":"61b39475376e5203ec8dc95e2c7e2ddef0b9ff2a5a387ff2cd81eff1675348c8","/static/css/main.62b550c4.css":"42986c192bc401cf8a6183c5f6f57021340544e3dd4eece0075c0dedd19d50b2","/static/js/787.9b835b68.chunk.js":"eef5a708f3bbbdb4305359ba9bb6ea2b489c9b19c33fa5364430f68dc7e6dfd5","/static/css/main.62b550c4.css.map":"17b639ec2406a607bfa80469e8b80f41323397057117d9c3b16d0ee91b8a5212","/static/js/787.9b835b68.chunk.js.map":"0f72604aca5c735e29595ef9138175517f245f765fdd1a387a8fd36a3b2f874a","/static/js/main.eb91e52f.js.LICENSE.txt":"822cb1f9fb0d91d37e67088e0172408c7617cf703586e0e704daf5cc9283c84b","/static/js/main.eb91e52f.js":"34de464eeff2a252cd3773efed727c5fc54c53d9160cc6eb6bbb32c6eefa9f35","/static/media/back_img.e7f9498ebb83e5525dce.jpg":"2babf2cda2d93ee126ed897d10233e78f03417845fea48b922ca5eada3adf9e6","/back_img.jpg":"2babf2cda2d93ee126ed897d10233e78f03417845fea48b922ca5eada3adf9e6","/static/js/main.eb91e52f.js.map":"f2b909c1fade9960581625d5a18da22ef96dd20aefbb0c6d3324d8ad77c56ed4","/static/media/main_back.69cd4d11ccab0b08102a.jpg":"0e59fe5ea755fc84b2c8c03d89b59f4bd412627f0277cfc1d5cbec919bdabaac","/main_back.jpg":"0e59fe5ea755fc84b2c8c03d89b59f4bd412627f0277cfc1d5cbec919bdabaac"}}
[debug] [2023-05-31T05:43:17.918Z] <<< [apiv2][status] POST https://firebasehosting.googleapis.com/v1beta1/projects/1088405462159/sites/fyp-app-c1c5a/versions/fdc6e4b8aa82ebef:populateFiles 200
[debug] [2023-05-31T05:43:17.919Z] <<< [apiv2][body] POST https://firebasehosting.googleapis.com/v1beta1/projects/1088405462159/sites/fyp-app-c1c5a/versions/fdc6e4b8aa82ebef:populateFiles {"uploadRequiredHashes":["f2b909c1fade9960581625d5a18da22ef96dd20aefbb0c6d3324d8ad77c56ed4","61b39475376e5203ec8dc95e2c7e2ddef0b9ff2a5a387ff2cd81eff1675348c8","34de464eeff2a252cd3773efed727c5fc54c53d9160cc6eb6bbb32c6eefa9f35","42986c192bc401cf8a6183c5f6f57021340544e3dd4eece0075c0dedd19d50b2","2babf2cda2d93ee126ed897d10233e78f03417845fea48b922ca5eada3adf9e6","17b639ec2406a607bfa80469e8b80f41323397057117d9c3b16d0ee91b8a5212","756854a405f483a841812a008e2a098699e3f191dfc84260281b56c590dadf6e","0e59fe5ea755fc84b2c8c03d89b59f4bd412627f0277cfc1d5cbec919bdabaac"],"uploadUrl":"https://upload-firebasehosting.googleapis.com/upload/sites/fyp-app-c1c5a/versions/fdc6e4b8aa82ebef/files"}
[debug] [2023-05-31T05:43:17.920Z] >>> [apiv2][query] POST https://upload-firebasehosting.googleapis.com/upload/sites/fyp-app-c1c5a/versions/fdc6e4b8aa82ebef/files/f2b909c1fade9960581625d5a18da22ef96dd20aefbb0c6d3324d8ad77c56ed4 [none]
[debug] [2023-05-31T05:43:17.920Z] >>> [apiv2][body] POST https://upload-firebasehosting.googleapis.com/upload/sites/fyp-app-c1c5a/versions/fdc6e4b8aa82ebef/files/f2b909c1fade9960581625d5a18da22ef96dd20aefbb0c6d3324d8ad77c56ed4 [stream]
[debug] [2023-05-31T05:43:17.921Z] >>> [apiv2][query] POST https://upload-firebasehosting.googleapis.com/upload/sites/fyp-app-c1c5a/versions/fdc6e4b8aa82ebef/files/61b39475376e5203ec8dc95e2c7e2ddef0b9ff2a5a387ff2cd81eff1675348c8 [none]
[debug] [2023-05-31T05:43:17.921Z] >>> [apiv2][body] POST https://upload-firebasehosting.googleapis.com/upload/sites/fyp-app-c1c5a/versions/fdc6e4b8aa82ebef/files/61b39475376e5203ec8dc95e2c7e2ddef0b9ff2a5a387ff2cd81eff1675348c8 [stream]
[debug] [2023-05-31T05:43:17.922Z] >>> [apiv2][query] POST https://upload-firebasehosting.googleapis.com/upload/sites/fyp-app-c1c5a/versions/fdc6e4b8aa82ebef/files/34de464eeff2a252cd3773efed727c5fc54c53d9160cc6eb6bbb32c6eefa9f35 [none]
[debug] [2023-05-31T05:43:17.922Z] >>> [apiv2][body] POST https://upload-firebasehosting.googleapis.com/upload/sites/fyp-app-c1c5a/versions/fdc6e4b8aa82ebef/files/34de464eeff2a252cd3773efed727c5fc54c53d9160cc6eb6bbb32c6eefa9f35 [stream]
[debug] [2023-05-31T05:43:17.922Z] >>> [apiv2][query] POST https://upload-firebasehosting.googleapis.com/upload/sites/fyp-app-c1c5a/versions/fdc6e4b8aa82ebef/files/42986c192bc401cf8a6183c5f6f57021340544e3dd4eece0075c0dedd19d50b2 [none]
[debug] [2023-05-31T05:43:17.922Z] >>> [apiv2][body] POST https://upload-firebasehosting.googleapis.com/upload/sites/fyp-app-c1c5a/versions/fdc6e4b8aa82ebef/files/42986c192bc401cf8a6183c5f6f57021340544e3dd4eece0075c0dedd19d50b2 [stream]
[debug] [2023-05-31T05:43:17.923Z] >>> [apiv2][query] POST https://upload-firebasehosting.googleapis.com/upload/sites/fyp-app-c1c5a/versions/fdc6e4b8aa82ebef/files/2babf2cda2d93ee126ed897d10233e78f03417845fea48b922ca5eada3adf9e6 [none]
[debug] [2023-05-31T05:43:17.923Z] >>> [apiv2][body] POST https://upload-firebasehosting.googleapis.com/upload/sites/fyp-app-c1c5a/versions/fdc6e4b8aa82ebef/files/2babf2cda2d93ee126ed897d10233e78f03417845fea48b922ca5eada3adf9e6 [stream]
[debug] [2023-05-31T05:43:17.923Z] >>> [apiv2][query] POST https://upload-firebasehosting.googleapis.com/upload/sites/fyp-app-c1c5a/versions/fdc6e4b8aa82ebef/files/17b639ec2406a607bfa80469e8b80f41323397057117d9c3b16d0ee91b8a5212 [none]
[debug] [2023-05-31T05:43:17.924Z] >>> [apiv2][body] POST https://upload-firebasehosting.googleapis.com/upload/sites/fyp-app-c1c5a/versions/fdc6e4b8aa82ebef/files/17b639ec2406a607bfa80469e8b80f41323397057117d9c3b16d0ee91b8a5212 [stream]
[debug] [2023-05-31T05:43:17.924Z] >>> [apiv2][query] POST https://upload-firebasehosting.googleapis.com/upload/sites/fyp-app-c1c5a/versions/fdc6e4b8aa82ebef/files/756854a405f483a841812a008e2a098699e3f191dfc84260281b56c590dadf6e [none]
[debug] [2023-05-31T05:43:17.924Z] >>> [apiv2][body] POST https://upload-firebasehosting.googleapis.com/upload/sites/fyp-app-c1c5a/versions/fdc6e4b8aa82ebef/files/756854a405f483a841812a008e2a098699e3f191dfc84260281b56c590dadf6e [stream]
[debug] [2023-05-31T05:43:17.925Z] >>> [apiv2][query] POST https://upload-firebasehosting.googleapis.com/upload/sites/fyp-app-c1c5a/versions/fdc6e4b8aa82ebef/files/0e59fe5ea755fc84b2c8c03d89b59f4bd412627f0277cfc1d5cbec919bdabaac [none]
[debug] [2023-05-31T05:43:17.925Z] >>> [apiv2][body] POST https://upload-firebasehosting.googleapis.com/upload/sites/fyp-app-c1c5a/versions/fdc6e4b8aa82ebef/files/0e59fe5ea755fc84b2c8c03d89b59f4bd412627f0277cfc1d5cbec919bdabaac [stream]
[debug] [2023-05-31T05:43:17.926Z] [hosting][populate queue][FINAL] {"max":1873,"min":1873,"avg":1873,"active":0,"complete":1,"success":1,"errored":0,"retried":0,"total":1,"elapsed":1879}
[debug] [2023-05-31T05:43:17.926Z] [hosting] uploads queued: 8
[debug] [2023-05-31T05:43:20.956Z] <<< [apiv2][status] POST https://upload-firebasehosting.googleapis.com/upload/sites/fyp-app-c1c5a/versions/fdc6e4b8aa82ebef/files/756854a405f483a841812a008e2a098699e3f191dfc84260281b56c590dadf6e 200
[debug] [2023-05-31T05:43:20.956Z] <<< [apiv2][body] POST https://upload-firebasehosting.googleapis.com/upload/sites/fyp-app-c1c5a/versions/fdc6e4b8aa82ebef/files/756854a405f483a841812a008e2a098699e3f191dfc84260281b56c590dadf6e [stream]
[debug] [2023-05-31T05:43:21.887Z] <<< [apiv2][status] POST https://upload-firebasehosting.googleapis.com/upload/sites/fyp-app-c1c5a/versions/fdc6e4b8aa82ebef/files/42986c192bc401cf8a6183c5f6f57021340544e3dd4eece0075c0dedd19d50b2 200
[debug] [2023-05-31T05:43:21.887Z] <<< [apiv2][body] POST https://upload-firebasehosting.googleapis.com/upload/sites/fyp-app-c1c5a/versions/fdc6e4b8aa82ebef/files/42986c192bc401cf8a6183c5f6f57021340544e3dd4eece0075c0dedd19d50b2 [stream]
[debug] [2023-05-31T05:43:23.078Z] <<< [apiv2][status] POST https://upload-firebasehosting.googleapis.com/upload/sites/fyp-app-c1c5a/versions/fdc6e4b8aa82ebef/files/61b39475376e5203ec8dc95e2c7e2ddef0b9ff2a5a387ff2cd81eff1675348c8 200
[debug] [2023-05-31T05:43:23.078Z] <<< [apiv2][body] POST https://upload-firebasehosting.googleapis.com/upload/sites/fyp-app-c1c5a/versions/fdc6e4b8aa82ebef/files/61b39475376e5203ec8dc95e2c7e2ddef0b9ff2a5a387ff2cd81eff1675348c8 [stream]
[debug] [2023-05-31T05:43:24.201Z] <<< [apiv2][status] POST https://upload-firebasehosting.googleapis.com/upload/sites/fyp-app-c1c5a/versions/fdc6e4b8aa82ebef/files/17b639ec2406a607bfa80469e8b80f41323397057117d9c3b16d0ee91b8a5212 200
[debug] [2023-05-31T05:43:24.201Z] <<< [apiv2][body] POST https://upload-firebasehosting.googleapis.com/upload/sites/fyp-app-c1c5a/versions/fdc6e4b8aa82ebef/files/17b639ec2406a607bfa80469e8b80f41323397057117d9c3b16d0ee91b8a5212 [stream]
[debug] [2023-05-31T05:43:37.985Z] <<< [apiv2][status] POST https://upload-firebasehosting.googleapis.com/upload/sites/fyp-app-c1c5a/versions/fdc6e4b8aa82ebef/files/34de464eeff2a252cd3773efed727c5fc54c53d9160cc6eb6bbb32c6eefa9f35 200
[debug] [2023-05-31T05:43:37.987Z] <<< [apiv2][body] POST https://upload-firebasehosting.googleapis.com/upload/sites/fyp-app-c1c5a/versions/fdc6e4b8aa82ebef/files/34de464eeff2a252cd3773efed727c5fc54c53d9160cc6eb6bbb32c6eefa9f35 [stream]
[debug] [2023-05-31T05:43:39.364Z] <<< [apiv2][status] POST https://upload-firebasehosting.googleapis.com/upload/sites/fyp-app-c1c5a/versions/fdc6e4b8aa82ebef/files/2babf2cda2d93ee126ed897d10233e78f03417845fea48b922ca5eada3adf9e6 200
[debug] [2023-05-31T05:43:39.364Z] <<< [apiv2][body] POST https://upload-firebasehosting.googleapis.com/upload/sites/fyp-app-c1c5a/versions/fdc6e4b8aa82ebef/files/2babf2cda2d93ee126ed897d10233e78f03417845fea48b922ca5eada3adf9e6 [stream]
[debug] [2023-05-31T05:43:48.885Z] <<< [apiv2][status] POST https://upload-firebasehosting.googleapis.com/upload/sites/fyp-app-c1c5a/versions/fdc6e4b8aa82ebef/files/f2b909c1fade9960581625d5a18da22ef96dd20aefbb0c6d3324d8ad77c56ed4 200
[debug] [2023-05-31T05:43:48.885Z] <<< [apiv2][body] POST https://upload-firebasehosting.googleapis.com/upload/sites/fyp-app-c1c5a/versions/fdc6e4b8aa82ebef/files/f2b909c1fade9960581625d5a18da22ef96dd20aefbb0c6d3324d8ad77c56ed4 [stream]
[debug] [2023-05-31T05:46:13.827Z] ----------------------------------------------------------------------
[debug] [2023-05-31T05:46:13.829Z] Command:       C:\My Programs\Node\node.exe C:\Users\USER\AppData\Roaming\npm\node_modules\firebase-tools\lib\bin\firebase.js deploy --only hosting
[debug] [2023-05-31T05:46:13.829Z] CLI Version:   12.2.1
[debug] [2023-05-31T05:46:13.829Z] Platform:      win32
[debug] [2023-05-31T05:46:13.830Z] Node Version:  v18.15.0
[debug] [2023-05-31T05:46:13.830Z] Time:          Wed May 31 2023 10:46:13 GMT+0500 (Pakistan Standard Time)
[debug] [2023-05-31T05:46:13.830Z] ----------------------------------------------------------------------
[debug] 
[debug] [2023-05-31T05:46:13.888Z] > command requires scopes: ["email","openid","https://www.googleapis.com/auth/cloudplatformprojects.readonly","https://www.googleapis.com/auth/firebase","https://www.googleapis.com/auth/cloud-platform"]
[debug] [2023-05-31T05:46:13.888Z] > authorizing via signed-in user (khansyed231am@gmail.com)
[debug] [2023-05-31T05:46:13.888Z] [iam] checking project fyp-app-c1c5a for permissions ["firebase.projects.get","firebasehosting.sites.update"]
[debug] [2023-05-31T05:46:13.890Z] >>> [apiv2][query] POST https://cloudresourcemanager.googleapis.com/v1/projects/fyp-app-c1c5a:testIamPermissions [none]
[debug] [2023-05-31T05:46:13.890Z] >>> [apiv2][(partial)header] POST https://cloudresourcemanager.googleapis.com/v1/projects/fyp-app-c1c5a:testIamPermissions x-goog-quota-user=projects/fyp-app-c1c5a
[debug] [2023-05-31T05:46:13.890Z] >>> [apiv2][body] POST https://cloudresourcemanager.googleapis.com/v1/projects/fyp-app-c1c5a:testIamPermissions {"permissions":["firebase.projects.get","firebasehosting.sites.update"]}
[debug] [2023-05-31T05:46:15.580Z] <<< [apiv2][status] POST https://cloudresourcemanager.googleapis.com/v1/projects/fyp-app-c1c5a:testIamPermissions 200
[debug] [2023-05-31T05:46:15.581Z] <<< [apiv2][body] POST https://cloudresourcemanager.googleapis.com/v1/projects/fyp-app-c1c5a:testIamPermissions {"permissions":["firebase.projects.get","firebasehosting.sites.update"]}
[debug] [2023-05-31T05:46:15.582Z] >>> [apiv2][query] GET https://firebase.googleapis.com/v1beta1/projects/fyp-app-c1c5a [none]
[debug] [2023-05-31T05:46:16.149Z] <<< [apiv2][status] GET https://firebase.googleapis.com/v1beta1/projects/fyp-app-c1c5a 200
[debug] [2023-05-31T05:46:16.149Z] <<< [apiv2][body] GET https://firebase.googleapis.com/v1beta1/projects/fyp-app-c1c5a {"projectId":"fyp-app-c1c5a","projectNumber":"1088405462159","displayName":"fyp-app","name":"projects/fyp-app-c1c5a","resources":{"hostingSite":"fyp-app-c1c5a"},"state":"ACTIVE","etag":"1_690dbb29-489b-45da-9c21-c99d7df963e7"}
[info] 
[info] === Deploying to 'fyp-app-c1c5a'...
[info] 
[info] i  deploying hosting 
[debug] [2023-05-31T05:46:16.155Z] >>> [apiv2][query] POST https://firebasehosting.googleapis.com/v1beta1/projects/-/sites/fyp-app-c1c5a/versions [none]
[debug] [2023-05-31T05:46:16.155Z] >>> [apiv2][body] POST https://firebasehosting.googleapis.com/v1beta1/projects/-/sites/fyp-app-c1c5a/versions {"status":"CREATED","labels":{"deployment-tool":"cli-firebase"}}
[debug] [2023-05-31T05:46:18.133Z] <<< [apiv2][status] POST https://firebasehosting.googleapis.com/v1beta1/projects/-/sites/fyp-app-c1c5a/versions 200
[debug] [2023-05-31T05:46:18.133Z] <<< [apiv2][body] POST https://firebasehosting.googleapis.com/v1beta1/projects/-/sites/fyp-app-c1c5a/versions {"name":"projects/1088405462159/sites/fyp-app-c1c5a/versions/01faa2a63b71feb2","status":"CREATED","config":{},"labels":{"deployment-tool":"cli-firebase"}}
[info] i  hosting[fyp-app-c1c5a]: beginning deploy... 
[info] i  hosting[fyp-app-c1c5a]: found 19 files in build 
[debug] [2023-05-31T05:46:18.142Z] [hosting] uploading with 200 concurrency
[debug] [2023-05-31T05:46:18.146Z] [hosting] hash cache [YnVpbGQ] stored for 19 files
[debug] [2023-05-31T05:46:18.146Z] [hosting][hash queue][FINAL] {"max":1,"min":0,"avg":0,"active":0,"complete":19,"success":19,"errored":0,"retried":0,"total":19,"elapsed":2}
[debug] [2023-05-31T05:46:18.147Z] >>> [apiv2][query] POST https://firebasehosting.googleapis.com/v1beta1/projects/1088405462159/sites/fyp-app-c1c5a/versions/01faa2a63b71feb2:populateFiles [none]
[debug] [2023-05-31T05:46:18.147Z] >>> [apiv2][body] POST https://firebasehosting.googleapis.com/v1beta1/projects/1088405462159/sites/fyp-app-c1c5a/versions/01faa2a63b71feb2:populateFiles {"files":{"/asset-manifest.json":"756854a405f483a841812a008e2a098699e3f191dfc84260281b56c590dadf6e","/back_img.jpg":"2babf2cda2d93ee126ed897d10233e78f03417845fea48b922ca5eada3adf9e6","/favicon.ico":"eae62e993eb980ec8a25058c39d5a51feab118bd2100c4deebb2a9c158ec11f9","/index.html":"61b39475376e5203ec8dc95e2c7e2ddef0b9ff2a5a387ff2cd81eff1675348c8","/logo192.png":"3ee59515172ee198f3be375979df15ac5345183e656720a381b8872b2a39dc8b","/logo512.png":"ee7e2f3fdb8209c4b6fd7bef6ba50d1b9dba30a25bb5c3126df057e1cb6f5331","/main_back.jpg":"0e59fe5ea755fc84b2c8c03d89b59f4bd412627f0277cfc1d5cbec919bdabaac","/manifest.json":"aff3449bdc238776f5d6d967f19ec491b36aed5fb7f23ccff6500736fd58494a","/robots.txt":"bfe106a3fb878dc83461c86818bf74fc1bdc7f28538ba613cd3e775516ce8b49","/service-worker.js":"4fa926604793023a06903173451804748339791f199cea4c246531fabd1a39c9","/static/css/main.62b550c4.css":"42986c192bc401cf8a6183c5f6f57021340544e3dd4eece0075c0dedd19d50b2","/static/css/main.62b550c4.css.map":"17b639ec2406a607bfa80469e8b80f41323397057117d9c3b16d0ee91b8a5212","/static/js/787.9b835b68.chunk.js":"eef5a708f3bbbdb4305359ba9bb6ea2b489c9b19c33fa5364430f68dc7e6dfd5","/static/js/787.9b835b68.chunk.js.map":"0f72604aca5c735e29595ef9138175517f245f765fdd1a387a8fd36a3b2f874a","/static/js/main.eb91e52f.js":"34de464eeff2a252cd3773efed727c5fc54c53d9160cc6eb6bbb32c6eefa9f35","/static/js/main.eb91e52f.js.LICENSE.txt":"822cb1f9fb0d91d37e67088e0172408c7617cf703586e0e704daf5cc9283c84b","/static/js/main.eb91e52f.js.map":"f2b909c1fade9960581625d5a18da22ef96dd20aefbb0c6d3324d8ad77c56ed4","/static/media/back_img.e7f9498ebb83e5525dce.jpg":"2babf2cda2d93ee126ed897d10233e78f03417845fea48b922ca5eada3adf9e6","/static/media/main_back.69cd4d11ccab0b08102a.jpg":"0e59fe5ea755fc84b2c8c03d89b59f4bd412627f0277cfc1d5cbec919bdabaac"}}
[debug] [2023-05-31T05:46:19.846Z] <<< [apiv2][status] POST https://firebasehosting.googleapis.com/v1beta1/projects/1088405462159/sites/fyp-app-c1c5a/versions/01faa2a63b71feb2:populateFiles 200
[debug] [2023-05-31T05:46:19.847Z] <<< [apiv2][body] POST https://firebasehosting.googleapis.com/v1beta1/projects/1088405462159/sites/fyp-app-c1c5a/versions/01faa2a63b71feb2:populateFiles {"uploadRequiredHashes":["0e59fe5ea755fc84b2c8c03d89b59f4bd412627f0277cfc1d5cbec919bdabaac"],"uploadUrl":"https://upload-firebasehosting.googleapis.com/upload/sites/fyp-app-c1c5a/versions/01faa2a63b71feb2/files"}
[debug] [2023-05-31T05:46:19.850Z] >>> [apiv2][query] POST https://upload-firebasehosting.googleapis.com/upload/sites/fyp-app-c1c5a/versions/01faa2a63b71feb2/files/0e59fe5ea755fc84b2c8c03d89b59f4bd412627f0277cfc1d5cbec919bdabaac [none]
[debug] [2023-05-31T05:46:19.850Z] >>> [apiv2][body] POST https://upload-firebasehosting.googleapis.com/upload/sites/fyp-app-c1c5a/versions/01faa2a63b71feb2/files/0e59fe5ea755fc84b2c8c03d89b59f4bd412627f0277cfc1d5cbec919bdabaac [stream]
[debug] [2023-05-31T05:46:19.855Z] [hosting][populate queue][FINAL] {"max":1705,"min":1705,"avg":1705,"active":0,"complete":1,"success":1,"errored":0,"retried":0,"total":1,"elapsed":1710}
[debug] [2023-05-31T05:46:19.855Z] [hosting] uploads queued: 1
